     1                                  global output_array
     2                                  extern manage
     3                                  extern printf
     4                                  extern scanf
     5                                  
     6                                  section .data
     7 00000000 256C6600                    floatformat db "%lf" , 0
     8 00000004 257300                      stringformat db "%s" , 0
     9 00000007 5468616E6B20796F75-         printnumbers db "Thank you, The numbers in the array are: " ,10,0, 
     9 00000010 2C20546865206E756D-
     9 00000019 6265727320696E2074-
     9 00000022 686520617272617920-
     9 0000002B 6172653A200A00     
    10                                  
    11                                  section .bss
    12                                  
    13                                  section .text
    14                                  output_array:
    15                                  ; =======================================
    16                                  ;  * * * * * * * 16 PUSHES * * * * * * *
    17                                  ; =======================================
    18 00000000 55                          push       rbp                                              
    19 00000001 4889E5                      mov        rbp, rsp                                         
    20 00000004 53                          push       rbx                                              
    21 00000005 51                          push       rcx                                              
    22 00000006 52                          push       rdx                                              
    23 00000007 56                          push       rsi                                              
    24 00000008 57                          push       rdi                                              
    25 00000009 4150                        push       r8                                               
    26 0000000B 4151                        push       r9                                               
    27 0000000D 4152                        push       r10                                              
    28 0000000F 4153                        push       r11                                              
    29 00000011 4154                        push       r12                                              
    30 00000013 4155                        push       r13                                              
    31 00000015 4156                        push       r14                                              
    32 00000017 4157                        push       r15                                              
    33 00000019 9C                          pushf
    34                                  
    35                                  ; =======================================
    36                                  ;  * *  * START OF THE APPLICATION * * * 
    37                                  ; =======================================
    38                                      
    39 0000001A B800000000                  mov rax, 0
    40 0000001F 48BF-                       mov rdi, stringformat
    40 00000021 [0400000000000000] 
    41 00000029 48BE-                       mov rsi, printnumbers
    41 0000002B [0700000000000000] 
    42 00000033 E8(00000000)                call printf             ; prints prompt
    43                                  
    44 00000038 4989FE                      mov r14, rdi            ; r14 is the array
    45 0000003B 4989F7                      mov r15, rsi            ; r15 is the number of cells
    46 0000003E 4D31ED                      xor r13, r13  
    47                                  
    48                                  ; Begin loop to print array
    49                                  begin:
    50                                      ; test 1 - print 1st element    
    51                                      
    52                                  
    53                                  
    54                                  ; =======================================
    55                                  ; * * * * * * * * 16 POPS * * * * * * * *
    56                                  ; =======================================
    57 00000041 9D                          popf                                                        
    58 00000042 415F                        pop        r15                                              
    59 00000044 415E                        pop        r14                                              
    60 00000046 415D                        pop        r13                                              
    61 00000048 415C                        pop        r12                                              
    62 0000004A 415B                        pop        r11                                              
    63 0000004C 415A                        pop        r10                                              
    64 0000004E 4159                        pop        r9                                               
    65 00000050 4158                        pop        r8                                               
    66 00000052 5F                          pop        rdi                                              
    67 00000053 5E                          pop        rsi                                              
    68 00000054 5A                          pop        rdx                                              
    69 00000055 59                          pop        rcx                                              
    70 00000056 5B                          pop        rbx                                              
    71 00000057 5D                          pop        rbp      
    72                                  
    73 00000058 C3                          ret
    74                                  
    75                                  
    76                                  
